# JRE version: OpenJDK Runtime Environment (21.0.8) (build 21.0.8+-14196175-b1038.72)
# Java VM: OpenJDK 64-Bit Server VM (21.0.8+-14196175-b1038.72, mixed mode, tiered, compressed oops, compressed class ptrs, g1 gc, windows-amd64)
GC Precious Log:
 CardTable entry size: 512
 Card Set container configuration: InlinePtr #cards 4 size 8 Array Of Cards #cards 32 size 80 Howl #buckets 8 coarsen threshold 7372 Howl Bitmap #cards 1024 size 144 coarsen threshold 921 Card regions per heap region 1 cards per card region 8192
 CPUs: 8 total, 8 available
 Memory: 12162M
 Large Page Support: Disabled
 NUMA Support: Disabled
 Compressed Oops: Enabled (Zero based)
 Heap Region Size: 4M
 Heap Min Capacity: 8M
 Heap Initial Capacity: 192M
 Heap Max Capacity: 8G
 Pre-touch: Disabled
 Parallel Workers: 8
 Concurrent Workers: 2
 Concurrent Refinement Workers: 8
 Periodic GC: Disabled
Heap:
 garbage-first heap   total 1359872K, used 556691K [0x0000000600000000, 0x0000000800000000)
  region size 4096K, 1 young (4096K), 1 survivors (4096K)
 Metaspace       used 291611K, committed 294848K, reserved 1310720K
  class space    used 36904K, committed 38464K, reserved 1048576K
GC Heap History (20 events):
Event: 692.305 GC heap after
{Heap after GC invocations=178 (full 0):
 garbage-first heap   total 1359872K, used 487117K [0x0000000600000000, 0x0000000800000000)
  region size 4096K, 14 young (57344K), 14 survivors (57344K)
 Metaspace       used 290750K, committed 294016K, reserved 1310720K
  class space    used 36832K, committed 38400K, reserved 1048576K
}
Event: 696.503 GC heap before
{Heap before GC invocations=179 (full 0):
 garbage-first heap   total 1359872K, used 1224397K [0x0000000600000000, 0x0000000800000000)
  region size 4096K, 194 young (794624K), 14 survivors (57344K)
 Metaspace       used 291250K, committed 294528K, reserved 1310720K
  class space    used 36883K, committed 38464K, reserved 1048576K
}
Event: 696.546 GC heap after
{Heap after GC invocations=180 (full 0):
 garbage-first heap   total 1359872K, used 482780K [0x0000000600000000, 0x0000000800000000)
  region size 4096K, 13 young (53248K), 13 survivors (53248K)
 Metaspace       used 291250K, committed 294528K, reserved 1310720K
  class space    used 36883K, committed 38464K, reserved 1048576K
}
Event: 699.224 GC heap before
{Heap before GC invocations=180 (full 0):
 garbage-first heap   total 1359872K, used 1228252K [0x0000000600000000, 0x0000000800000000)
  region size 4096K, 195 young (798720K), 13 survivors (53248K)
 Metaspace       used 291430K, committed 294656K, reserved 1310720K
  class space    used 36893K, committed 38464K, reserved 1048576K
}
Event: 699.281 GC heap after
{Heap after GC invocations=181 (full 0):
 garbage-first heap   total 1359872K, used 464441K [0x0000000600000000, 0x0000000800000000)
  region size 4096K, 10 young (40960K), 10 survivors (40960K)
 Metaspace       used 291430K, committed 294656K, reserved 1310720K
  class space    used 36893K, committed 38464K, reserved 1048576K
}
Event: 703.118 GC heap before
{Heap before GC invocations=181 (full 0):
 garbage-first heap   total 1359872K, used 1234489K [0x0000000600000000, 0x0000000800000000)
  region size 4096K, 199 young (815104K), 10 survivors (40960K)
 Metaspace       used 291541K, committed 294784K, reserved 1310720K
  class space    used 36897K, committed 38464K, reserved 1048576K
}
Event: 703.146 GC heap after
{Heap after GC invocations=182 (full 0):
 garbage-first heap   total 1359872K, used 456011K [0x0000000600000000, 0x0000000800000000)
  region size 4096K, 8 young (32768K), 8 survivors (32768K)
 Metaspace       used 291541K, committed 294784K, reserved 1310720K
  class space    used 36897K, committed 38464K, reserved 1048576K
}
Event: 708.322 GC heap before
{Heap before GC invocations=183 (full 0):
 garbage-first heap   total 1359872K, used 1234251K [0x0000000600000000, 0x0000000800000000)
  region size 4096K, 199 young (815104K), 8 survivors (32768K)
 Metaspace       used 291413K, committed 294656K, reserved 1310720K
  class space    used 36893K, committed 38464K, reserved 1048576K
}
Event: 708.356 GC heap after
{Heap after GC invocations=184 (full 0):
 garbage-first heap   total 1359872K, used 459739K [0x0000000600000000, 0x0000000800000000)
  region size 4096K, 9 young (36864K), 9 survivors (36864K)
 Metaspace       used 291413K, committed 294656K, reserved 1310720K
  class space    used 36893K, committed 38464K, reserved 1048576K
}
Event: 716.160 GC heap before
{Heap before GC invocations=184 (full 0):
 garbage-first heap   total 1359872K, used 1237979K [0x0000000600000000, 0x0000000800000000)
  region size 4096K, 199 young (815104K), 9 survivors (36864K)
 Metaspace       used 291437K, committed 294656K, reserved 1310720K
  class space    used 36893K, committed 38464K, reserved 1048576K
}
Event: 717.314 GC heap after
{Heap after GC invocations=185 (full 0):
 garbage-first heap   total 1359872K, used 449777K [0x0000000600000000, 0x0000000800000000)
  region size 4096K, 8 young (32768K), 8 survivors (32768K)
 Metaspace       used 291437K, committed 294656K, reserved 1310720K
  class space    used 36893K, committed 38464K, reserved 1048576K
}
Event: 719.921 GC heap before
{Heap before GC invocations=185 (full 0):
 garbage-first heap   total 1359872K, used 1228017K [0x0000000600000000, 0x0000000800000000)
  region size 4096K, 199 young (815104K), 8 survivors (32768K)
 Metaspace       used 291579K, committed 294784K, reserved 1310720K
  class space    used 36903K, committed 38464K, reserved 1048576K
}
Event: 719.984 GC heap after
{Heap after GC invocations=186 (full 0):
 garbage-first heap   total 1359872K, used 492025K [0x0000000600000000, 0x0000000800000000)
  region size 4096K, 18 young (73728K), 18 survivors (73728K)
 Metaspace       used 291579K, committed 294784K, reserved 1310720K
  class space    used 36903K, committed 38464K, reserved 1048576K
}
Event: 722.285 GC heap before
{Heap before GC invocations=187 (full 0):
 garbage-first heap   total 1359872K, used 1204729K [0x0000000600000000, 0x0000000800000000)
  region size 4096K, 193 young (790528K), 18 survivors (73728K)
 Metaspace       used 291605K, committed 294848K, reserved 1310720K
  class space    used 36904K, committed 38464K, reserved 1048576K
}
Event: 722.437 GC heap after
{Heap after GC invocations=188 (full 0):
 garbage-first heap   total 1359872K, used 547644K [0x0000000600000000, 0x0000000800000000)
  region size 4096K, 18 young (73728K), 18 survivors (73728K)
 Metaspace       used 291605K, committed 294848K, reserved 1310720K
  class space    used 36904K, committed 38464K, reserved 1048576K
}
Event: 722.453 GC heap before
{Heap before GC invocations=188 (full 0):
 garbage-first heap   total 1359872K, used 551740K [0x0000000600000000, 0x0000000800000000)
  region size 4096K, 19 young (77824K), 18 survivors (73728K)
 Metaspace       used 291605K, committed 294848K, reserved 1310720K
  class space    used 36904K, committed 38464K, reserved 1048576K
}
Event: 722.521 GC heap after
{Heap after GC invocations=189 (full 0):
 garbage-first heap   total 1359872K, used 556459K [0x0000000600000000, 0x0000000800000000)
  region size 4096K, 3 young (12288K), 3 survivors (12288K)
 Metaspace       used 291605K, committed 294848K, reserved 1310720K
  class space    used 36904K, committed 38464K, reserved 1048576K
}
Event: 722.654 GC heap before
{Heap before GC invocations=189 (full 0):
 garbage-first heap   total 1359872K, used 617899K [0x0000000600000000, 0x0000000800000000)
  region size 4096K, 19 young (77824K), 3 survivors (12288K)
 Metaspace       used 291607K, committed 294848K, reserved 1310720K
  class space    used 36904K, committed 38464K, reserved 1048576K
}
Event: 722.681 GC heap after
{Heap after GC invocations=190 (full 0):
 garbage-first heap   total 1359872K, used 556059K [0x0000000600000000, 0x0000000800000000)
  region size 4096K, 1 young (4096K), 1 survivors (4096K)
 Metaspace       used 291607K, committed 294848K, reserved 1310720K
  class space    used 36904K, committed 38464K, reserved 1048576K
}
Event: 723.239 GC heap before
{Heap before GC invocations=190 (full 0):
 garbage-first heap   total 1359872K, used 850971K [0x0000000600000000, 0x0000000800000000)
  region size 4096K, 74 young (303104K), 1 survivors (4096K)
 Metaspace       used 291611K, committed 294848K, reserved 1310720K
  class space    used 36904K, committed 38464K, reserved 1048576K
}

